OK  5225 B  grafana.com/docs/alloy/latest/set-up/install/linux.md
OK  1635 B  grafana.com/docs/alloy/latest/set-up/run/linux.md
OK  4946 B  grafana.com/docs/alloy/latest/get-started.md
OK  8429 B  grafana.com/docs/alloy/latest/monitor/monitor-docker-containers.md
OK  14678 B  grafana.com/docs/alloy/latest/reference/components/loki/loki.source.docker.md
OK  14484 B  grafana.com/docs/alloy/latest/reference/components/loki/loki.source.file.md
OK  97568 B  grafana.com/docs/alloy/latest/reference/components/loki/loki.process.md
OK  22126 B  grafana.com/docs/alloy/latest/reference/components/loki/loki.write.md
OK  17206 B  grafana.com/docs/alloy/latest/reference/components/discovery/discovery.docker.md
OK  9366 B  grafana.com/docs/alloy/latest/reference/components/discovery/discovery.relabel.md
OK  46055 B  grafana.com/docs/alloy/latest/reference/components/prometheus/prometheus.exporter.unix.md
OK  17687 B  grafana.com/docs/alloy/latest/reference/components/prometheus/prometheus.exporter.cadvisor.md
OK  38109 B  grafana.com/docs/alloy/latest/reference/components/prometheus/prometheus.scrape.md
OK  46535 B  grafana.com/docs/alloy/latest/reference/components/prometheus/prometheus.remote_write.md
OK  19477 B  grafana.com/docs/alloy/latest/reference/components/otelcol/otelcol.receiver.otlp.md
OK  24705 B  grafana.com/docs/alloy/latest/reference/components/otelcol/otelcol.exporter.otlphttp.md
OK  9970 B  grafana.com/docs/alloy/latest/reference/components/otelcol/otelcol.auth.basic.md
OK  15681 B  grafana.com/docs/alloy/latest/collect/opentelemetry-to-lgtm-stack.md
OK  1027 B  grafana.com/docs/grafana-cloud/get-started.md
OK  10336 B  grafana.com/docs/grafana-cloud/account-management/cloud-portal.md
OK  37018 B  grafana.com/docs/grafana-cloud/account-management/authentication-and-permissions/access-policies.md
OK  8897 B  grafana.com/docs/grafana-cloud/security-and-account-management/region-url-formats.md
OK  15252 B  grafana.com/docs/grafana-cloud/cost-management-and-billing/manage-invoices/understand-your-invoice/usage-limits.md
OK  1839 B  grafana.com/docs/grafana-cloud/send-data/metrics/metrics-prometheus/prometheus-config-examples.md
OK  4199 B  grafana.com/docs/grafana-cloud/send-data/logs.md
OK  2536 B  grafana.com/docs/grafana-cloud/send-data/traces.md
OK  94748 B  doc.traefik.io/traefik/reference/install-configuration/observability/tracing.html
OK  133771 B  doc.traefik.io/traefik/reference/install-configuration/observability/logs-and-accesslogs.html
OK  181794 B  doc.traefik.io/traefik/reference/install-configuration/observability/metrics.html
----
OK: 29  FAIL/WARN: 0
